<?xml version="1.0" encoding="UTF-8"?>
<!-- Generated by org.testng.reporters.JUnitReportReporter -->
<testsuite hostname="DESKTOP-JP21ICE" name="Demo1.demo3" tests="6" failures="0" timestamp="17 Jun 2021 12:27:50 GMT" time="0.011" errors="0">
  <testcase name="Rajanish" time="0.001" classname="Demo1.demo3"/>
  <testcase name="Keerti" time="0.000" classname="Demo1.demo3"/>
  <testcase name="test1" time="0.001" classname="Demo1.demo3"/>
  <testcase name="test2" time="0.000" classname="Demo1.demo3"/>
  <testcase name="Vihaan" time="0.008" classname="Demo1.demo3"/>
  <testcase name="Ved" time="0.001" classname="Demo1.demo3"/>
</testsuite> <!-- Demo1.demo3 -->
