<?xml version="1.0" encoding="UTF-8"?>
<!-- Generated by org.testng.reporters.JUnitReportReporter -->
<testsuite hostname="DESKTOP-JP21ICE" name="Demo1.NewTest2" tests="1" failures="0" timestamp="17 Jun 2021 11:55:30 GMT" time="0.000" errors="0">
  <testcase name="testcase3" time="0.000" classname="Demo1.NewTest2"/>
</testsuite> <!-- Demo1.NewTest2 -->
