<?xml version="1.0" encoding="UTF-8"?>
<!-- Generated by org.testng.reporters.JUnitReportReporter -->
<testsuite hostname="DESKTOP-JP21ICE" name="Demo1.data" tests="3" failures="0" timestamp="18 Jun 2021 07:47:35 GMT" time="0.008" errors="0">
  <testcase name="f" time="0.006" classname="Demo1.data"/>
  <testcase name="f" time="0.001" classname="Demo1.data"/>
  <testcase name="f" time="0.001" classname="Demo1.data"/>
</testsuite> <!-- Demo1.data -->
