<?xml version="1.0" encoding="UTF-8"?>
<!-- Generated by org.testng.reporters.JUnitReportReporter -->
<testsuite hostname="DESKTOP-JP21ICE" name="Demo1.NewTest1" tests="2" failures="0" timestamp="17 Jun 2021 11:55:30 GMT" time="0.004" errors="0">
  <testcase name="testcase2" time="0.001" classname="Demo1.NewTest1"/>
  <testcase name="testcase1" time="0.003" classname="Demo1.NewTest1"/>
</testsuite> <!-- Demo1.NewTest1 -->
