<?xml version="1.0" encoding="UTF-8"?>
<!-- Generated by org.testng.reporters.JUnitReportReporter -->
<testsuite hostname="DESKTOP-JP21ICE" name="Demo1.Demo5" tests="3" failures="0" timestamp="17 Jun 2021 18:34:11 GMT" time="0.011" errors="0">
  <testcase name="testcase3" time="0.009" classname="Demo1.Demo5"/>
  <testcase name="testcase4" time="0.001" classname="Demo1.Demo5"/>
  <testcase name="testcase6" time="0.001" classname="Demo1.Demo5"/>
</testsuite> <!-- Demo1.Demo5 -->
